<?xml version="1.0" encoding="UTF-8"?>
<!-- Generated by org.testng.reporters.JUnitXMLReporter -->
<testsuite hostname="G1C2ML14375" ignored="0" name="Test" tests="2" failures="2" timestamp="26 Aug 2018 17:28:19 GMT" time="11.943" errors="0">
  <testcase name="bookTicket" time="0.037" classname="com.pom.pages.pomMercury.BookFlightTest">
    <failure type="java.lang.NullPointerException">
      <![CDATA[java.lang.NullPointerException
at org.openqa.selenium.support.pagefactory.DefaultElementLocator.findElement(DefaultElementLocator.java:69)
at org.openqa.selenium.support.pagefactory.internal.LocatingElementHandler.invoke(LocatingElementHandler.java:38)
at com.sun.proxy.$Proxy9.sendKeys(Unknown Source)
at com.pom.pages.pomMercury.Login_1.login(Login_1.java:25)
at com.pom.pages.pomMercury.BookFlightTest.bookTicket(BookFlightTest.java:16)
... Removed 25 stack frames]]>
    </failure>
  </testcase> <!-- bookTicket -->
  <testcase name="validateUser" time="0.006" classname="com.pom.pages.pomMercury.ValidateUserTest">
    <failure type="java.lang.NullPointerException">
      <![CDATA[java.lang.NullPointerException
at org.openqa.selenium.support.pagefactory.DefaultElementLocator.findElement(DefaultElementLocator.java:69)
at org.openqa.selenium.support.pagefactory.internal.LocatingElementHandler.invoke(LocatingElementHandler.java:38)
at com.sun.proxy.$Proxy9.sendKeys(Unknown Source)
at com.pom.pages.pomMercury.Login_1.login(Login_1.java:25)
at com.pom.pages.pomMercury.ValidateUserTest.validateUser(ValidateUserTest.java:13)
... Removed 25 stack frames]]>
    </failure>
  </testcase> <!-- validateUser -->
</testsuite> <!-- Test -->
